[2022-09-06T16:40:35.906871+00:00] blog.INFO: Create user command started [] []
[2022-09-06T16:40:42.171833+00:00] blog.INFO: Create user command started [] []
[2022-09-06T16:40:42.181535+00:00] blog.INFO: User created: 42f85c89-a00d-4fef-8818-c6e615e18af6 [] []
[2022-09-06T16:43:39.279959+00:00] blog.INFO: Create user command started [] []
[2022-09-06T16:43:39.284536+00:00] blog.ERROR: User already exists: ivan5 {"exception":"[object] (GeekBrains\\LevelTwo\\Blog\\Exceptions\\CommandException(code: 0): User already exists: ivan5 at C:\\OpenServer\\domains\\localhost\\src\\Blog\\Commands\\CreateUserCommand.php:42)"} []
[2022-09-06T16:47:03.912591+00:00] blog.INFO: Create user command started [] []
[2022-09-06T16:49:19.107733+00:00] blog.INFO: Create user command started [] []
[2022-09-06T16:50:59.960453+00:00] blog.INFO: Create user command started [] []
[2022-09-06T16:50:59.964442+00:00] blog.WARNING: User already exists: ivan5 [] []
[2022-09-06T16:56:29.151924+00:00] blog.INFO: Post created: ffca6341-4ed1-4d4c-9a4e-5cba56c437f9 [] []
[2022-09-06T16:57:18.044479+00:00] blog.INFO: Post created: f1e58463-9c45-41b5-8caa-8bfc42079e3b [] []
[2022-09-06T17:27:56.716415+00:00] blog.INFO: Post created: a668baf9-5fa7-460b-aa9d-151e96419951 [] []
[2022-09-06T17:28:17.703503+00:00] blog.INFO: Post created: 2b592a11-ff84-4086-af4a-86a65e3b1722 [] []
[2022-09-06T17:28:26.662877+00:00] blog.INFO: Post created: fed49e75-088b-4d1f-9f3b-ada275a7be38 [] []
[2022-09-06T17:59:18.875012+00:00] blog.INFO: Post created: fea9807c-e297-415e-8334-f4c25ac4bf21 [] []
[2022-09-06T17:59:59.707927+00:00] blog.INFO: Post created: d52c5016-bfe5-403c-8a2f-4c332cab259f [] []
[2022-09-09T16:39:39.971902+00:00] blog.INFO: Create user command started [] []
[2022-09-09T16:39:39.981836+00:00] blog.INFO: User created: 10800ff3-b1b5-4e6f-a240-cb9921d453af [] []
[2022-09-09T16:46:41.481662+00:00] blog.INFO: Post created: 855c5b16-4c80-490a-b2fb-975ea2772aa3 [] []
[2022-09-09T16:46:41.483348+00:00] blog.INFO: Post created: 855c5b16-4c80-490a-b2fb-975ea2772aa3 [] []
[2022-09-09T16:48:34.034559+00:00] blog.INFO: Post created: 69cce1f1-b272-487d-8fce-52cc938eff1d [] []
[2022-09-09T16:48:34.036142+00:00] blog.INFO: Post created: 69cce1f1-b272-487d-8fce-52cc938eff1d [] []
[2022-09-09T16:53:33.692598+00:00] blog.INFO: Create user command started [] []
[2022-09-09T16:53:33.701973+00:00] blog.INFO: User created: 0fe43017-9f1b-4c61-a5ac-abae8eaed019 [] []
[2022-09-09T16:53:54.272064+00:00] blog.INFO: Post created: 31cfea73-3536-4936-bc1d-8d5ed0d1281d [] []
[2022-09-09T16:53:54.273749+00:00] blog.INFO: Post created: 31cfea73-3536-4936-bc1d-8d5ed0d1281d [] []
[2022-09-09T17:03:23.761428+00:00] blog.INFO: Create user command started [] []
[2022-09-09T17:04:22.118248+00:00] blog.INFO: Create user command started [] []
[2022-09-09T17:08:34.555060+00:00] blog.INFO: Create user command started [] []
[2022-09-09T17:08:34.559943+00:00] blog.WARNING: User already exists: user12345 [] []
[2022-09-09T17:08:50.369933+00:00] blog.INFO: Create user command started [] []
[2022-09-09T17:10:04.699366+00:00] blog.INFO: Create user command started [] []
[2022-09-09T17:10:04.705819+00:00] blog.WARNING: User already exists: user12345 [] []
[2022-09-09T17:10:06.788143+00:00] blog.INFO: Create user command started [] []
[2022-09-09T17:10:06.791669+00:00] blog.WARNING: User already exists: user123457 [] []
[2022-09-09T17:10:13.003623+00:00] blog.INFO: Create user command started [] []
[2022-09-09T17:10:56.266834+00:00] blog.INFO: Create user command started [] []
[2022-09-09T17:10:56.274646+00:00] blog.INFO: User created: d45e129e-d283-4526-b14e-1b8e49005c4e [] []
[2022-09-09T17:23:05.748557+00:00] blog.INFO: Create user command started [] []
[2022-09-09T17:23:05.756015+00:00] blog.INFO: User created: d8a4e3c3-2486-44e2-aaea-55825c741cca [] []
[2022-09-09T17:23:09.948087+00:00] blog.INFO: Create user command started [] []
[2022-09-09T17:23:09.955332+00:00] blog.INFO: User created: dd26c93d-688a-4274-9b0e-e1ad6a49c676 [] []
[2022-09-09T17:23:11.477662+00:00] blog.INFO: Create user command started [] []
[2022-09-09T17:23:11.481716+00:00] blog.WARNING: User already exists: userj45 [] []
[2022-09-09T18:11:07.692960+00:00] blog.INFO: Post created: 8438d6be-ca12-428e-b83e-af9374db23ac [] []
[2022-09-09T18:11:07.694931+00:00] blog.INFO: Post created: 8438d6be-ca12-428e-b83e-af9374db23ac [] []
[2022-09-09T18:11:51.849813+00:00] blog.INFO: Post created: 669023ab-7935-44bc-9317-dccef4dbaaf9 [] []
[2022-09-09T18:11:51.851518+00:00] blog.INFO: Post created: 669023ab-7935-44bc-9317-dccef4dbaaf9 [] []
